#! /usr/bin/vvp
:ivl_version "12.0 (stable)";
:ivl_delay_selection "TYPICAL";
:vpi_time_precision + 0;
:vpi_module "/usr/lib/x86_64-linux-gnu/ivl/system.vpi";
:vpi_module "/usr/lib/x86_64-linux-gnu/ivl/vhdl_sys.vpi";
:vpi_module "/usr/lib/x86_64-linux-gnu/ivl/vhdl_textio.vpi";
:vpi_module "/usr/lib/x86_64-linux-gnu/ivl/v2005_math.vpi";
:vpi_module "/usr/lib/x86_64-linux-gnu/ivl/va_math.vpi";
S_0x5b4b0c555e30 .scope module, "instruction_memory" "instruction_memory" 2 1;
 .timescale 0 0;
    .port_info 0 /INPUT 32 "addr";
    .port_info 1 /OUTPUT 32 "instr";
L_0x5b4b0c578d10 .functor BUFZ 32, L_0x5b4b0c5789b0, C4<00000000000000000000000000000000>, C4<00000000000000000000000000000000>, C4<00000000000000000000000000000000>;
v0x5b4b0c530540_0 .net *"_ivl_0", 31 0, L_0x5b4b0c5789b0;  1 drivers
v0x5b4b0c578400_0 .net *"_ivl_3", 3 0, L_0x5b4b0c578a80;  1 drivers
v0x5b4b0c5784e0_0 .net *"_ivl_4", 9 0, L_0x5b4b0c578b80;  1 drivers
L_0x7c6c28c6e018 .functor BUFT 1, C4<000000>, C4<0>, C4<0>, C4<0>;
v0x5b4b0c5785a0_0 .net *"_ivl_7", 5 0, L_0x7c6c28c6e018;  1 drivers
o0x7c6c28cb70d8 .functor BUFZ 32, C4<zzzzzzzzzzzzzzzzzzzzzzzzzzzzzzzz>; HiZ drive
v0x5b4b0c578680_0 .net "addr", 31 0, o0x7c6c28cb70d8;  0 drivers
v0x5b4b0c5787b0_0 .net "instr", 31 0, L_0x5b4b0c578d10;  1 drivers
v0x5b4b0c578890 .array "mem", 255 0, 31 0;
L_0x5b4b0c5789b0 .array/port v0x5b4b0c578890, L_0x5b4b0c578b80;
L_0x5b4b0c578a80 .part o0x7c6c28cb70d8, 2, 4;
L_0x5b4b0c578b80 .concat [ 4 6 0 0], L_0x5b4b0c578a80, L_0x7c6c28c6e018;
    .scope S_0x5b4b0c555e30;
T_0 ;
    %vpi_call 2 10 "$readmemh", "firmware.hex", v0x5b4b0c578890 {0 0 0};
    %end;
    .thread T_0;
# The file index is used to find the file name in the following table.
:file_names 3;
    "N/A";
    "<interactive>";
    "/home/shapthan/mini_processor/instruction_memory.v";
