#! /usr/bin/vvp
:ivl_version "12.0 (stable)";
:ivl_delay_selection "TYPICAL";
:vpi_time_precision + 0;
:vpi_module "/usr/lib/x86_64-linux-gnu/ivl/system.vpi";
:vpi_module "/usr/lib/x86_64-linux-gnu/ivl/vhdl_sys.vpi";
:vpi_module "/usr/lib/x86_64-linux-gnu/ivl/vhdl_textio.vpi";
:vpi_module "/usr/lib/x86_64-linux-gnu/ivl/v2005_math.vpi";
:vpi_module "/usr/lib/x86_64-linux-gnu/ivl/va_math.vpi";
S_0x5daafeb9f8c0 .scope module, "data_memory" "data_memory" 2 1;
 .timescale 0 0;
    .port_info 0 /INPUT 1 "clk";
    .port_info 1 /INPUT 1 "we";
    .port_info 2 /INPUT 32 "addr";
    .port_info 3 /INPUT 32 "wdata";
    .port_info 4 /OUTPUT 32 "rdata";
L_0x5daafebe2ca0 .functor BUFZ 32, L_0x5daafebe29d0, C4<00000000000000000000000000000000>, C4<00000000000000000000000000000000>, C4<00000000000000000000000000000000>;
v0x5daafebbf8d0_0 .net *"_ivl_0", 31 0, L_0x5daafebe29d0;  1 drivers
v0x5daafebb0950_0 .net *"_ivl_3", 7 0, L_0x5daafebe2a70;  1 drivers
v0x5daafebb9500_0 .net *"_ivl_4", 9 0, L_0x5daafebe2b10;  1 drivers
L_0x7c270b46e018 .functor BUFT 1, C4<00>, C4<0>, C4<0>, C4<0>;
v0x5daafebdd840_0 .net *"_ivl_7", 1 0, L_0x7c270b46e018;  1 drivers
o0x7c270b4b70d8 .functor BUFZ 32, C4<zzzzzzzzzzzzzzzzzzzzzzzzzzzzzzzz>; HiZ drive
v0x5daafebdd920_0 .net "addr", 31 0, o0x7c270b4b70d8;  0 drivers
o0x7c270b4b7108 .functor BUFZ 1, C4<z>; HiZ drive
v0x5daafebdda00_0 .net "clk", 0 0, o0x7c270b4b7108;  0 drivers
v0x5daafebddac0 .array "mem", 255 0, 31 0;
v0x5daafebddb80_0 .net "rdata", 31 0, L_0x5daafebe2ca0;  1 drivers
o0x7c270b4b7168 .functor BUFZ 32, C4<zzzzzzzzzzzzzzzzzzzzzzzzzzzzzzzz>; HiZ drive
v0x5daafebddc60_0 .net "wdata", 31 0, o0x7c270b4b7168;  0 drivers
o0x7c270b4b7198 .functor BUFZ 1, C4<z>; HiZ drive
v0x5daafebddd40_0 .net "we", 0 0, o0x7c270b4b7198;  0 drivers
E_0x5daafeb6fa70 .event posedge, v0x5daafebdda00_0;
L_0x5daafebe29d0 .array/port v0x5daafebddac0, L_0x5daafebe2b10;
L_0x5daafebe2a70 .part o0x7c270b4b70d8, 2, 8;
L_0x5daafebe2b10 .concat [ 8 2 0 0], L_0x5daafebe2a70, L_0x7c270b46e018;
S_0x5daafeba3bb0 .scope module, "tb_cpu" "tb_cpu" 3 1;
 .timescale 0 0;
v0x5daafebe2820_0 .var "clk", 0 0;
v0x5daafebe28c0_0 .var "reset_n", 0 0;
S_0x5daafebddea0 .scope module, "uut" "cpu_top" 3 6, 4 1 0, S_0x5daafeba3bb0;
 .timescale 0 0;
    .port_info 0 /INPUT 1 "clk";
    .port_info 1 /INPUT 1 "reset_n";
v0x5daafebe1a00_0 .net "alu_b", 31 0, L_0x5daafebe3fc0;  1 drivers
v0x5daafebe1b10_0 .net "alu_src", 0 0, v0x5daafebde9b0_0;  1 drivers
v0x5daafebe1be0_0 .net "clk", 0 0, v0x5daafebe2820_0;  1 drivers
v0x5daafebe1cb0_0 .net "data1", 31 0, L_0x5daafebe3ba0;  1 drivers
v0x5daafebe1da0_0 .net "data2", 31 0, L_0x5daafebe3eb0;  1 drivers
v0x5daafebe1e90_0 .net "imm", 31 0, L_0x5daafebe38a0;  1 drivers
v0x5daafebe1f30_0 .net "instr", 31 0, L_0x5daafebe3030;  1 drivers
v0x5daafebe1fd0_0 .net "opcode", 6 0, L_0x5daafebe3130;  1 drivers
v0x5daafebe20c0_0 .net "pc", 31 0, v0x5daafebe0740_0;  1 drivers
v0x5daafebe2210_0 .net "rd", 4 0, L_0x5daafebe31d0;  1 drivers
v0x5daafebe2320_0 .net "reg_write", 0 0, v0x5daafebdeb70_0;  1 drivers
v0x5daafebe2410_0 .net "reset_n", 0 0, v0x5daafebe28c0_0;  1 drivers
v0x5daafebe24b0_0 .net "result", 31 0, v0x5daafebde5c0_0;  1 drivers
v0x5daafebe25a0_0 .net "rs1", 4 0, L_0x5daafebe3270;  1 drivers
v0x5daafebe26b0_0 .net "rs2", 4 0, L_0x5daafebe3310;  1 drivers
L_0x5daafebe3fc0 .functor MUXZ 32, L_0x5daafebe3eb0, L_0x5daafebe38a0, v0x5daafebde9b0_0, C4<>;
S_0x5daafebde070 .scope module, "ALU" "alu" 4 67, 5 1 0, S_0x5daafebddea0;
 .timescale 0 0;
    .port_info 0 /INPUT 32 "a";
    .port_info 1 /INPUT 32 "b";
    .port_info 2 /INPUT 2 "alu_ctrl";
    .port_info 3 /OUTPUT 32 "y";
v0x5daafebde320_0 .net "a", 31 0, L_0x5daafebe3ba0;  alias, 1 drivers
L_0x7c270b46e138 .functor BUFT 1, C4<00>, C4<0>, C4<0>, C4<0>;
v0x5daafebde420_0 .net "alu_ctrl", 1 0, L_0x7c270b46e138;  1 drivers
v0x5daafebde500_0 .net "b", 31 0, L_0x5daafebe3fc0;  alias, 1 drivers
v0x5daafebde5c0_0 .var "y", 31 0;
E_0x5daafeb6ff20 .event anyedge, v0x5daafebde420_0, v0x5daafebde320_0, v0x5daafebde500_0;
S_0x5daafebde720 .scope module, "CTRL" "control" 4 48, 6 1 0, S_0x5daafebddea0;
 .timescale 0 0;
    .port_info 0 /INPUT 7 "opcode";
    .port_info 1 /OUTPUT 1 "reg_write";
    .port_info 2 /OUTPUT 1 "alu_src";
v0x5daafebde9b0_0 .var "alu_src", 0 0;
v0x5daafebdea90_0 .net "opcode", 6 0, L_0x5daafebe3130;  alias, 1 drivers
v0x5daafebdeb70_0 .var "reg_write", 0 0;
E_0x5daafeba8920 .event anyedge, v0x5daafebdea90_0;
S_0x5daafebdec90 .scope module, "DEC" "decoder" 4 35, 7 1 0, S_0x5daafebddea0;
 .timescale 0 0;
    .port_info 0 /INPUT 32 "instr";
    .port_info 1 /OUTPUT 7 "opcode";
    .port_info 2 /OUTPUT 5 "rd";
    .port_info 3 /OUTPUT 5 "rs1";
    .port_info 4 /OUTPUT 5 "rs2";
v0x5daafebdeea0_0 .net "instr", 31 0, L_0x5daafebe3030;  alias, 1 drivers
v0x5daafebdef60_0 .net "opcode", 6 0, L_0x5daafebe3130;  alias, 1 drivers
v0x5daafebdf050_0 .net "rd", 4 0, L_0x5daafebe31d0;  alias, 1 drivers
v0x5daafebdf120_0 .net "rs1", 4 0, L_0x5daafebe3270;  alias, 1 drivers
v0x5daafebdf200_0 .net "rs2", 4 0, L_0x5daafebe3310;  alias, 1 drivers
L_0x5daafebe3130 .part L_0x5daafebe3030, 0, 7;
L_0x5daafebe31d0 .part L_0x5daafebe3030, 7, 5;
L_0x5daafebe3270 .part L_0x5daafebe3030, 15, 5;
L_0x5daafebe3310 .part L_0x5daafebe3030, 20, 5;
S_0x5daafebdf3d0 .scope module, "IMEM" "instruction_memory" 4 30, 8 1 0, S_0x5daafebddea0;
 .timescale 0 0;
    .port_info 0 /INPUT 32 "addr";
    .port_info 1 /OUTPUT 32 "instr";
L_0x5daafebe3030 .functor BUFZ 32, L_0x5daafebe2d60, C4<00000000000000000000000000000000>, C4<00000000000000000000000000000000>, C4<00000000000000000000000000000000>;
v0x5daafebdf5d0_0 .net *"_ivl_0", 31 0, L_0x5daafebe2d60;  1 drivers
v0x5daafebdf6d0_0 .net *"_ivl_3", 3 0, L_0x5daafebe2e00;  1 drivers
v0x5daafebdf7b0_0 .net *"_ivl_4", 5 0, L_0x5daafebe2ea0;  1 drivers
L_0x7c270b46e060 .functor BUFT 1, C4<00>, C4<0>, C4<0>, C4<0>;
v0x5daafebdf870_0 .net *"_ivl_7", 1 0, L_0x7c270b46e060;  1 drivers
v0x5daafebdf950_0 .net "addr", 31 0, v0x5daafebe0740_0;  alias, 1 drivers
v0x5daafebdfa80_0 .net "instr", 31 0, L_0x5daafebe3030;  alias, 1 drivers
v0x5daafebdfb40 .array "mem", 15 0, 31 0;
L_0x5daafebe2d60 .array/port v0x5daafebdfb40, L_0x5daafebe2ea0;
L_0x5daafebe2e00 .part v0x5daafebe0740_0, 2, 4;
L_0x5daafebe2ea0 .concat [ 4 2 0 0], L_0x5daafebe2e00, L_0x7c270b46e060;
S_0x5daafebdfc40 .scope module, "IMM" "imm_gen" 4 43, 9 1 0, S_0x5daafebddea0;
 .timescale 0 0;
    .port_info 0 /INPUT 32 "instr";
    .port_info 1 /OUTPUT 32 "imm";
v0x5daafebdfe70_0 .net *"_ivl_1", 0 0, L_0x5daafebe33b0;  1 drivers
v0x5daafebdff70_0 .net *"_ivl_2", 19 0, L_0x5daafebe3450;  1 drivers
v0x5daafebe0050_0 .net *"_ivl_5", 11 0, L_0x5daafebe3800;  1 drivers
v0x5daafebe0110_0 .net "imm", 31 0, L_0x5daafebe38a0;  alias, 1 drivers
v0x5daafebe01f0_0 .net "instr", 31 0, L_0x5daafebe3030;  alias, 1 drivers
L_0x5daafebe33b0 .part L_0x5daafebe3030, 31, 1;
LS_0x5daafebe3450_0_0 .concat [ 1 1 1 1], L_0x5daafebe33b0, L_0x5daafebe33b0, L_0x5daafebe33b0, L_0x5daafebe33b0;
LS_0x5daafebe3450_0_4 .concat [ 1 1 1 1], L_0x5daafebe33b0, L_0x5daafebe33b0, L_0x5daafebe33b0, L_0x5daafebe33b0;
LS_0x5daafebe3450_0_8 .concat [ 1 1 1 1], L_0x5daafebe33b0, L_0x5daafebe33b0, L_0x5daafebe33b0, L_0x5daafebe33b0;
LS_0x5daafebe3450_0_12 .concat [ 1 1 1 1], L_0x5daafebe33b0, L_0x5daafebe33b0, L_0x5daafebe33b0, L_0x5daafebe33b0;
LS_0x5daafebe3450_0_16 .concat [ 1 1 1 1], L_0x5daafebe33b0, L_0x5daafebe33b0, L_0x5daafebe33b0, L_0x5daafebe33b0;
LS_0x5daafebe3450_1_0 .concat [ 4 4 4 4], LS_0x5daafebe3450_0_0, LS_0x5daafebe3450_0_4, LS_0x5daafebe3450_0_8, LS_0x5daafebe3450_0_12;
LS_0x5daafebe3450_1_4 .concat [ 4 0 0 0], LS_0x5daafebe3450_0_16;
L_0x5daafebe3450 .concat [ 16 4 0 0], LS_0x5daafebe3450_1_0, LS_0x5daafebe3450_1_4;
L_0x5daafebe3800 .part L_0x5daafebe3030, 20, 12;
L_0x5daafebe38a0 .concat [ 12 20 0 0], L_0x5daafebe3800, L_0x5daafebe3450;
S_0x5daafebe03b0 .scope module, "PC" "pc" 4 24, 10 1 0, S_0x5daafebddea0;
 .timescale 0 0;
    .port_info 0 /INPUT 1 "clk";
    .port_info 1 /INPUT 1 "reset_n";
    .port_info 2 /OUTPUT 32 "pc";
v0x5daafebe0660_0 .net "clk", 0 0, v0x5daafebe2820_0;  alias, 1 drivers
v0x5daafebe0740_0 .var "pc", 31 0;
v0x5daafebe0800_0 .net "reset_n", 0 0, v0x5daafebe28c0_0;  alias, 1 drivers
E_0x5daafebe05e0/0 .event negedge, v0x5daafebe0800_0;
E_0x5daafebe05e0/1 .event posedge, v0x5daafebe0660_0;
E_0x5daafebe05e0 .event/or E_0x5daafebe05e0/0, E_0x5daafebe05e0/1;
S_0x5daafebe0900 .scope module, "RF" "regfile" 4 54, 11 1 0, S_0x5daafebddea0;
 .timescale 0 0;
    .port_info 0 /INPUT 1 "clk";
    .port_info 1 /INPUT 1 "we";
    .port_info 2 /INPUT 5 "rs1";
    .port_info 3 /INPUT 5 "rs2";
    .port_info 4 /INPUT 5 "rd";
    .port_info 5 /INPUT 32 "wd";
    .port_info 6 /OUTPUT 32 "rd1";
    .port_info 7 /OUTPUT 32 "rd2";
L_0x5daafebe3ba0 .functor BUFZ 32, L_0x5daafebe3a10, C4<00000000000000000000000000000000>, C4<00000000000000000000000000000000>, C4<00000000000000000000000000000000>;
L_0x5daafebe3eb0 .functor BUFZ 32, L_0x5daafebe3c60, C4<00000000000000000000000000000000>, C4<00000000000000000000000000000000>, C4<00000000000000000000000000000000>;
v0x5daafebe0c60_0 .net *"_ivl_0", 31 0, L_0x5daafebe3a10;  1 drivers
v0x5daafebe0d60_0 .net *"_ivl_10", 6 0, L_0x5daafebe3d00;  1 drivers
L_0x7c270b46e0f0 .functor BUFT 1, C4<00>, C4<0>, C4<0>, C4<0>;
v0x5daafebe0e40_0 .net *"_ivl_13", 1 0, L_0x7c270b46e0f0;  1 drivers
v0x5daafebe0f30_0 .net *"_ivl_2", 6 0, L_0x5daafebe3ab0;  1 drivers
L_0x7c270b46e0a8 .functor BUFT 1, C4<00>, C4<0>, C4<0>, C4<0>;
v0x5daafebe1010_0 .net *"_ivl_5", 1 0, L_0x7c270b46e0a8;  1 drivers
v0x5daafebe1140_0 .net *"_ivl_8", 31 0, L_0x5daafebe3c60;  1 drivers
v0x5daafebe1220_0 .net "clk", 0 0, v0x5daafebe2820_0;  alias, 1 drivers
v0x5daafebe12c0_0 .net "rd", 4 0, L_0x5daafebe31d0;  alias, 1 drivers
v0x5daafebe1390_0 .net "rd1", 31 0, L_0x5daafebe3ba0;  alias, 1 drivers
v0x5daafebe1460_0 .net "rd2", 31 0, L_0x5daafebe3eb0;  alias, 1 drivers
v0x5daafebe1520 .array "regs", 31 0, 31 0;
v0x5daafebe15e0_0 .net "rs1", 4 0, L_0x5daafebe3270;  alias, 1 drivers
v0x5daafebe16d0_0 .net "rs2", 4 0, L_0x5daafebe3310;  alias, 1 drivers
v0x5daafebe17a0_0 .net "wd", 31 0, v0x5daafebde5c0_0;  alias, 1 drivers
v0x5daafebe1870_0 .net "we", 0 0, v0x5daafebdeb70_0;  alias, 1 drivers
E_0x5daafebe0c00 .event posedge, v0x5daafebe0660_0;
L_0x5daafebe3a10 .array/port v0x5daafebe1520, L_0x5daafebe3ab0;
L_0x5daafebe3ab0 .concat [ 5 2 0 0], L_0x5daafebe3270, L_0x7c270b46e0a8;
L_0x5daafebe3c60 .array/port v0x5daafebe1520, L_0x5daafebe3d00;
L_0x5daafebe3d00 .concat [ 5 2 0 0], L_0x5daafebe3310, L_0x7c270b46e0f0;
    .scope S_0x5daafeb9f8c0;
T_0 ;
    %wait E_0x5daafeb6fa70;
    %load/vec4 v0x5daafebddd40_0;
    %flag_set/vec4 8;
    %jmp/0xz  T_0.0, 8;
    %load/vec4 v0x5daafebddc60_0;
    %load/vec4 v0x5daafebdd920_0;
    %parti/s 8, 2, 3;
    %pad/u 10;
    %ix/vec4 3;
    %ix/load 4, 0, 0; Constant delay
    %assign/vec4/a/d v0x5daafebddac0, 0, 4;
T_0.0 ;
    %jmp T_0;
    .thread T_0;
    .scope S_0x5daafebe03b0;
T_1 ;
    %wait E_0x5daafebe05e0;
    %load/vec4 v0x5daafebe0800_0;
    %nor/r;
    %flag_set/vec4 8;
    %jmp/0xz  T_1.0, 8;
    %pushi/vec4 0, 0, 32;
    %assign/vec4 v0x5daafebe0740_0, 0;
    %jmp T_1.1;
T_1.0 ;
    %load/vec4 v0x5daafebe0740_0;
    %addi 4, 0, 32;
    %assign/vec4 v0x5daafebe0740_0, 0;
T_1.1 ;
    %jmp T_1;
    .thread T_1;
    .scope S_0x5daafebdf3d0;
T_2 ;
    %vpi_call 8 10 "$readmemh", "firmware.hex", v0x5daafebdfb40 {0 0 0};
    %end;
    .thread T_2;
    .scope S_0x5daafebde720;
T_3 ;
    %wait E_0x5daafeba8920;
    %pushi/vec4 0, 0, 1;
    %store/vec4 v0x5daafebdeb70_0, 0, 1;
    %pushi/vec4 0, 0, 1;
    %store/vec4 v0x5daafebde9b0_0, 0, 1;
    %load/vec4 v0x5daafebdea90_0;
    %dup/vec4;
    %pushi/vec4 19, 0, 7;
    %cmp/u;
    %jmp/1 T_3.0, 6;
    %dup/vec4;
    %pushi/vec4 51, 0, 7;
    %cmp/u;
    %jmp/1 T_3.1, 6;
    %jmp T_3.2;
T_3.0 ;
    %pushi/vec4 1, 0, 1;
    %store/vec4 v0x5daafebdeb70_0, 0, 1;
    %pushi/vec4 1, 0, 1;
    %store/vec4 v0x5daafebde9b0_0, 0, 1;
    %jmp T_3.2;
T_3.1 ;
    %pushi/vec4 1, 0, 1;
    %store/vec4 v0x5daafebdeb70_0, 0, 1;
    %pushi/vec4 0, 0, 1;
    %store/vec4 v0x5daafebde9b0_0, 0, 1;
    %jmp T_3.2;
T_3.2 ;
    %pop/vec4 1;
    %jmp T_3;
    .thread T_3, $push;
    .scope S_0x5daafebe0900;
T_4 ;
    %wait E_0x5daafebe0c00;
    %load/vec4 v0x5daafebe1870_0;
    %flag_set/vec4 9;
    %flag_get/vec4 9;
    %jmp/0 T_4.2, 9;
    %load/vec4 v0x5daafebe12c0_0;
    %pad/u 32;
    %pushi/vec4 0, 0, 32;
    %cmp/ne;
    %flag_get/vec4 4;
    %and;
T_4.2;
    %flag_set/vec4 8;
    %jmp/0xz  T_4.0, 8;
    %load/vec4 v0x5daafebe17a0_0;
    %load/vec4 v0x5daafebe12c0_0;
    %pad/u 7;
    %ix/vec4 3;
    %ix/load 4, 0, 0; Constant delay
    %assign/vec4/a/d v0x5daafebe1520, 0, 4;
T_4.0 ;
    %jmp T_4;
    .thread T_4;
    .scope S_0x5daafebde070;
T_5 ;
    %wait E_0x5daafeb6ff20;
    %load/vec4 v0x5daafebde420_0;
    %dup/vec4;
    %pushi/vec4 0, 0, 2;
    %cmp/u;
    %jmp/1 T_5.0, 6;
    %dup/vec4;
    %pushi/vec4 1, 0, 2;
    %cmp/u;
    %jmp/1 T_5.1, 6;
    %dup/vec4;
    %pushi/vec4 2, 0, 2;
    %cmp/u;
    %jmp/1 T_5.2, 6;
    %dup/vec4;
    %pushi/vec4 3, 0, 2;
    %cmp/u;
    %jmp/1 T_5.3, 6;
    %jmp T_5.4;
T_5.0 ;
    %load/vec4 v0x5daafebde320_0;
    %load/vec4 v0x5daafebde500_0;
    %add;
    %store/vec4 v0x5daafebde5c0_0, 0, 32;
    %jmp T_5.4;
T_5.1 ;
    %load/vec4 v0x5daafebde320_0;
    %load/vec4 v0x5daafebde500_0;
    %sub;
    %store/vec4 v0x5daafebde5c0_0, 0, 32;
    %jmp T_5.4;
T_5.2 ;
    %load/vec4 v0x5daafebde320_0;
    %load/vec4 v0x5daafebde500_0;
    %and;
    %store/vec4 v0x5daafebde5c0_0, 0, 32;
    %jmp T_5.4;
T_5.3 ;
    %load/vec4 v0x5daafebde320_0;
    %load/vec4 v0x5daafebde500_0;
    %or;
    %store/vec4 v0x5daafebde5c0_0, 0, 32;
    %jmp T_5.4;
T_5.4 ;
    %pop/vec4 1;
    %jmp T_5;
    .thread T_5, $push;
    .scope S_0x5daafeba3bb0;
T_6 ;
    %pushi/vec4 0, 0, 1;
    %store/vec4 v0x5daafebe2820_0, 0, 1;
T_6.0 ;
    %delay 5, 0;
    %load/vec4 v0x5daafebe2820_0;
    %inv;
    %store/vec4 v0x5daafebe2820_0, 0, 1;
    %jmp T_6.0;
    %end;
    .thread T_6;
    .scope S_0x5daafeba3bb0;
T_7 ;
    %vpi_call 3 20 "$monitor", "Time=%0t", $time {0 0 0};
    %pushi/vec4 0, 0, 1;
    %store/vec4 v0x5daafebe28c0_0, 0, 1;
    %delay 10, 0;
    %pushi/vec4 1, 0, 1;
    %store/vec4 v0x5daafebe28c0_0, 0, 1;
    %delay 100, 0;
    %vpi_call 3 27 "$finish" {0 0 0};
    %end;
    .thread T_7;
# The file index is used to find the file name in the following table.
:file_names 12;
    "N/A";
    "<interactive>";
    "data_memory.v";
    "tb_cpu.v";
    "cpu_top.v";
    "alu.v";
    "control.v";
    "decoder.v";
    "instruction_memory.v";
    "imm_gen.v";
    "pc.v";
    "reg.v";
